  contorno.cpp
c:\users\jetes\desktop\proyector\badprogtutorial vdefinitivo\shapes2d\solido.h(11): fatal error C1083: No se puede abrir el archivo incluir: 'GL/glut.h': No such file or directory
  cubo.cpp
c:\users\jetes\desktop\proyector\badprogtutorial vdefinitivo\shapes2d\solido.h(11): fatal error C1083: No se puede abrir el archivo incluir: 'GL/glut.h': No such file or directory
  escena.cpp
c:\users\jetes\desktop\proyector\badprogtutorial vdefinitivo\shapes2d\solido.h(11): fatal error C1083: No se puede abrir el archivo incluir: 'GL/glut.h': No such file or directory
  esfera.cpp
c:\users\jetes\desktop\proyector\badprogtutorial vdefinitivo\shapes2d\solido.h(11): fatal error C1083: No se puede abrir el archivo incluir: 'GL/glut.h': No such file or directory
  glMotorJuegosBase.cpp
c:\users\jetes\desktop\proyector\badprogtutorial vdefinitivo\shapes2d\glmotorjuegosbase.cpp(11): fatal error C1083: No se puede abrir el archivo incluir: 'GL/glut.h': No such file or directory
  modelo.cpp
c:\users\jetes\desktop\proyector\badprogtutorial vdefinitivo\shapes2d\solido.h(11): fatal error C1083: No se puede abrir el archivo incluir: 'GL/glut.h': No such file or directory
  plano.cpp
c:\users\jetes\desktop\proyector\badprogtutorial vdefinitivo\shapes2d\solido.h(11): fatal error C1083: No se puede abrir el archivo incluir: 'GL/glut.h': No such file or directory
  planoX.cpp
c:\users\jetes\desktop\proyector\badprogtutorial vdefinitivo\shapes2d\solido.h(11): fatal error C1083: No se puede abrir el archivo incluir: 'GL/glut.h': No such file or directory
  planoY.cpp
c:\users\jetes\desktop\proyector\badprogtutorial vdefinitivo\shapes2d\solido.h(11): fatal error C1083: No se puede abrir el archivo incluir: 'GL/glut.h': No such file or directory
  planoZ.cpp
c:\users\jetes\desktop\proyector\badprogtutorial vdefinitivo\shapes2d\solido.h(11): fatal error C1083: No se puede abrir el archivo incluir: 'GL/glut.h': No such file or directory
  solido.cpp
c:\users\jetes\desktop\proyector\badprogtutorial vdefinitivo\shapes2d\solido.h(11): fatal error C1083: No se puede abrir el archivo incluir: 'GL/glut.h': No such file or directory
  triangulo.cpp
c:\users\jetes\desktop\proyector\badprogtutorial vdefinitivo\shapes2d\solido.h(11): fatal error C1083: No se puede abrir el archivo incluir: 'GL/glut.h': No such file or directory
  Generando código...
